2014-11-10 10:36:42 ContextLoader [INFO] Root WebApplicationContext: initialization started
2014-11-10 10:36:42 XmlWebApplicationContext [INFO] Refreshing Root WebApplicationContext: startup date [Mon Nov 10 10:36:42 EST 2014]; root of context hierarchy
2014-11-10 10:36:42 XmlBeanDefinitionReader [INFO] Loading XML bean definitions from ServletContext resource [/WEB-INF/applicationContext.xml]
2014-11-10 10:36:43 PropertyPlaceholderConfigurer [INFO] Loading properties file from class path resource [jdbc.properties]
2014-11-10 10:36:43 DefaultListableBeanFactory [INFO] Pre-instantiating singletons in org.springframework.beans.factory.support.DefaultListableBeanFactory@7f0fb82b: defining beans [productManager,productDao,dataSource,propertyConfigurer,transactionManager,org.springframework.aop.config.internalAutoProxyCreator,org.springframework.aop.support.DefaultBeanFactoryPointcutAdvisor#0,txAdvice]; root of factory hierarchy
2014-11-10 10:36:43 ContextLoader [INFO] Root WebApplicationContext: initialization completed in 1151 ms
2014-11-10 10:36:43 DispatcherServlet [INFO] FrameworkServlet 'springapp': initialization started
2014-11-10 10:36:43 XmlWebApplicationContext [INFO] Refreshing WebApplicationContext for namespace 'springapp-servlet': startup date [Mon Nov 10 10:36:43 EST 2014]; parent: Root WebApplicationContext
2014-11-10 10:36:43 XmlBeanDefinitionReader [INFO] Loading XML bean definitions from ServletContext resource [/WEB-INF/springapp-servlet.xml]
2014-11-10 10:36:43 DefaultListableBeanFactory [INFO] Pre-instantiating singletons in org.springframework.beans.factory.support.DefaultListableBeanFactory@2ba95c45: defining beans [messageSource,/hello.htm,/priceincrease.htm,viewResolver]; parent: org.springframework.beans.factory.support.DefaultListableBeanFactory@7f0fb82b
2014-11-10 10:36:44 BeanNameUrlHandlerMapping [INFO] Mapped URL path [/hello.htm] onto handler '/hello.htm'
2014-11-10 10:36:44 BeanNameUrlHandlerMapping [INFO] Mapped URL path [/priceincrease.htm] onto handler '/priceincrease.htm'
2014-11-10 10:36:44 DispatcherServlet [INFO] FrameworkServlet 'springapp': initialization completed in 465 ms
2014-11-10 10:36:45 XmlWebApplicationContext [INFO] Closing WebApplicationContext for namespace 'springapp-servlet': startup date [Mon Nov 10 10:36:43 EST 2014]; parent: Root WebApplicationContext
2014-11-10 10:36:45 DefaultListableBeanFactory [INFO] Destroying singletons in org.springframework.beans.factory.support.DefaultListableBeanFactory@2ba95c45: defining beans [messageSource,/hello.htm,/priceincrease.htm,viewResolver]; parent: org.springframework.beans.factory.support.DefaultListableBeanFactory@7f0fb82b
2014-11-10 10:37:21 ContextLoader [INFO] Root WebApplicationContext: initialization started
2014-11-10 10:37:21 XmlWebApplicationContext [INFO] Refreshing Root WebApplicationContext: startup date [Mon Nov 10 10:37:21 EST 2014]; root of context hierarchy
2014-11-10 10:37:21 XmlBeanDefinitionReader [INFO] Loading XML bean definitions from ServletContext resource [/WEB-INF/applicationContext.xml]
2014-11-10 10:37:22 PropertyPlaceholderConfigurer [INFO] Loading properties file from class path resource [jdbc.properties]
2014-11-10 10:37:22 DefaultListableBeanFactory [INFO] Pre-instantiating singletons in org.springframework.beans.factory.support.DefaultListableBeanFactory@52066344: defining beans [productManager,productDao,dataSource,propertyConfigurer,transactionManager,org.springframework.aop.config.internalAutoProxyCreator,org.springframework.aop.support.DefaultBeanFactoryPointcutAdvisor#0,txAdvice]; root of factory hierarchy
2014-11-10 10:37:22 ContextLoader [INFO] Root WebApplicationContext: initialization completed in 1014 ms
2014-11-10 10:37:22 DispatcherServlet [INFO] FrameworkServlet 'springapp': initialization started
2014-11-10 10:37:22 XmlWebApplicationContext [INFO] Refreshing WebApplicationContext for namespace 'springapp-servlet': startup date [Mon Nov 10 10:37:22 EST 2014]; parent: Root WebApplicationContext
2014-11-10 10:37:22 XmlBeanDefinitionReader [INFO] Loading XML bean definitions from ServletContext resource [/WEB-INF/springapp-servlet.xml]
2014-11-10 10:37:22 DefaultListableBeanFactory [INFO] Pre-instantiating singletons in org.springframework.beans.factory.support.DefaultListableBeanFactory@63696beb: defining beans [messageSource,/hello.htm,/priceincrease.htm,viewResolver]; parent: org.springframework.beans.factory.support.DefaultListableBeanFactory@52066344
2014-11-10 10:37:22 BeanNameUrlHandlerMapping [INFO] Mapped URL path [/hello.htm] onto handler '/hello.htm'
2014-11-10 10:37:22 BeanNameUrlHandlerMapping [INFO] Mapped URL path [/priceincrease.htm] onto handler '/priceincrease.htm'
2014-11-10 10:37:22 DispatcherServlet [INFO] FrameworkServlet 'springapp': initialization completed in 343 ms
2014-11-10 10:37:30 InventoryController [INFO] returning hello view with 10 November 2014 10:37:30
2014-11-10 10:43:16 XmlWebApplicationContext [INFO] Closing WebApplicationContext for namespace 'springapp-servlet': startup date [Mon Nov 10 10:37:22 EST 2014]; parent: Root WebApplicationContext
2014-11-10 10:43:16 DefaultListableBeanFactory [INFO] Destroying singletons in org.springframework.beans.factory.support.DefaultListableBeanFactory@63696beb: defining beans [messageSource,/hello.htm,/priceincrease.htm,viewResolver]; parent: org.springframework.beans.factory.support.DefaultListableBeanFactory@52066344
2014-11-10 10:43:16 XmlWebApplicationContext [INFO] Closing Root WebApplicationContext: startup date [Mon Nov 10 10:37:21 EST 2014]; root of context hierarchy
2014-11-10 10:43:16 DefaultListableBeanFactory [INFO] Destroying singletons in org.springframework.beans.factory.support.DefaultListableBeanFactory@52066344: defining beans [productManager,productDao,dataSource,propertyConfigurer,transactionManager,org.springframework.aop.config.internalAutoProxyCreator,org.springframework.aop.support.DefaultBeanFactoryPointcutAdvisor#0,txAdvice]; root of factory hierarchy
2014-11-10 10:43:28 ContextLoader [INFO] Root WebApplicationContext: initialization started
2014-11-10 10:43:28 XmlWebApplicationContext [INFO] Refreshing Root WebApplicationContext: startup date [Mon Nov 10 10:43:28 EST 2014]; root of context hierarchy
2014-11-10 10:43:28 XmlBeanDefinitionReader [INFO] Loading XML bean definitions from ServletContext resource [/WEB-INF/applicationContext.xml]
2014-11-10 10:43:28 PropertyPlaceholderConfigurer [INFO] Loading properties file from class path resource [jdbc.properties]
2014-11-10 10:43:28 DefaultListableBeanFactory [INFO] Pre-instantiating singletons in org.springframework.beans.factory.support.DefaultListableBeanFactory@49df1f20: defining beans [productManager,productDao,dataSource,propertyConfigurer,transactionManager,org.springframework.aop.config.internalAutoProxyCreator,org.springframework.aop.support.DefaultBeanFactoryPointcutAdvisor#0,txAdvice]; root of factory hierarchy
2014-11-10 10:43:29 ContextLoader [INFO] Root WebApplicationContext: initialization completed in 970 ms
2014-11-10 10:43:29 DispatcherServlet [INFO] FrameworkServlet 'springapp': initialization started
2014-11-10 10:43:29 XmlWebApplicationContext [INFO] Refreshing WebApplicationContext for namespace 'springapp-servlet': startup date [Mon Nov 10 10:43:29 EST 2014]; parent: Root WebApplicationContext
2014-11-10 10:43:29 XmlBeanDefinitionReader [INFO] Loading XML bean definitions from ServletContext resource [/WEB-INF/springapp-servlet.xml]
2014-11-10 10:43:29 DefaultListableBeanFactory [INFO] Pre-instantiating singletons in org.springframework.beans.factory.support.DefaultListableBeanFactory@78293220: defining beans [messageSource,/hello.htm,/priceincrease.htm,viewResolver]; parent: org.springframework.beans.factory.support.DefaultListableBeanFactory@49df1f20
2014-11-10 10:43:29 BeanNameUrlHandlerMapping [INFO] Mapped URL path [/hello.htm] onto handler '/hello.htm'
2014-11-10 10:43:29 BeanNameUrlHandlerMapping [INFO] Mapped URL path [/priceincrease.htm] onto handler '/priceincrease.htm'
2014-11-10 10:43:29 DispatcherServlet [INFO] FrameworkServlet 'springapp': initialization completed in 318 ms
2014-11-10 10:43:36 InventoryController [INFO] returning hello view with 10 November 2014 10:43:36
2014-11-10 10:43:36 JdbcProductDao [INFO] Getting products!
2014-11-10 10:43:44 PriceIncrease [INFO] Percentage set to 20
2014-11-10 10:43:47 PriceIncrease [INFO] Percentage set to 20
2014-11-10 10:43:47 PriceIncreaseValidator [INFO] Validating with springapp.service.PriceIncrease@3708b8a4: 20
2014-11-10 10:43:47 PriceIncreaseFormController [INFO] Increasing prices by 20%.
2014-11-10 10:43:47 JdbcProductDao [INFO] Getting products!
2014-11-10 10:43:47 JdbcProductDao [INFO] Saving product: Lamp
2014-11-10 10:43:47 JdbcProductDao [INFO] Rows affected: 1
2014-11-10 10:43:47 JdbcProductDao [INFO] Saving product: Table
2014-11-10 10:43:47 JdbcProductDao [INFO] Rows affected: 1
2014-11-10 10:43:47 JdbcProductDao [INFO] Saving product: Chair
2014-11-10 10:43:47 JdbcProductDao [INFO] Rows affected: 1
2014-11-10 10:43:47 PriceIncreaseFormController [INFO] returning from PriceIncreaseForm view to hello.htm
2014-11-10 10:43:47 InventoryController [INFO] returning hello view with 10 November 2014 10:43:47
2014-11-10 10:43:47 JdbcProductDao [INFO] Getting products!
2014-11-10 10:43:48 PriceIncrease [INFO] Percentage set to 20
2014-11-10 10:43:49 PriceIncrease [INFO] Percentage set to 20
2014-11-10 10:43:49 PriceIncreaseValidator [INFO] Validating with springapp.service.PriceIncrease@3ff07ff1: 20
2014-11-10 10:43:49 PriceIncreaseFormController [INFO] Increasing prices by 20%.
2014-11-10 10:43:49 JdbcProductDao [INFO] Getting products!
2014-11-10 10:43:49 JdbcProductDao [INFO] Saving product: Lamp
2014-11-10 10:43:49 JdbcProductDao [INFO] Rows affected: 1
2014-11-10 10:43:49 JdbcProductDao [INFO] Saving product: Table
2014-11-10 10:43:49 JdbcProductDao [INFO] Rows affected: 1
2014-11-10 10:43:49 JdbcProductDao [INFO] Saving product: Chair
2014-11-10 10:43:49 JdbcProductDao [INFO] Rows affected: 1
2014-11-10 10:43:49 PriceIncreaseFormController [INFO] returning from PriceIncreaseForm view to hello.htm
2014-11-10 10:43:49 InventoryController [INFO] returning hello view with 10 November 2014 10:43:49
2014-11-10 10:43:49 JdbcProductDao [INFO] Getting products!
2014-11-10 10:49:03 InventoryController [INFO] returning hello view with 10 November 2014 10:49:03
2014-11-10 10:49:03 JdbcProductDao [INFO] Getting products!
2014-11-10 10:49:05 InventoryController [INFO] returning hello view with 10 November 2014 10:49:05
2014-11-10 10:49:05 JdbcProductDao [INFO] Getting products!
2014-11-10 10:50:24 InventoryController [INFO] returning hello view with 10 November 2014 10:50:24
2014-11-10 10:50:24 JdbcProductDao [INFO] Getting products!
2014-11-10 10:50:53 InventoryController [INFO] returning hello view with 10 November 2014 10:50:53
2014-11-10 10:50:53 JdbcProductDao [INFO] Getting products!
2014-11-10 10:55:04 XmlWebApplicationContext [INFO] Closing WebApplicationContext for namespace 'springapp-servlet': startup date [Mon Nov 10 10:43:29 EST 2014]; parent: Root WebApplicationContext
2014-11-10 10:55:04 DefaultListableBeanFactory [INFO] Destroying singletons in org.springframework.beans.factory.support.DefaultListableBeanFactory@78293220: defining beans [messageSource,/hello.htm,/priceincrease.htm,viewResolver]; parent: org.springframework.beans.factory.support.DefaultListableBeanFactory@49df1f20
2014-11-10 10:55:04 XmlWebApplicationContext [INFO] Closing Root WebApplicationContext: startup date [Mon Nov 10 10:43:28 EST 2014]; root of context hierarchy
2014-11-10 10:55:04 DefaultListableBeanFactory [INFO] Destroying singletons in org.springframework.beans.factory.support.DefaultListableBeanFactory@49df1f20: defining beans [productManager,productDao,dataSource,propertyConfigurer,transactionManager,org.springframework.aop.config.internalAutoProxyCreator,org.springframework.aop.support.DefaultBeanFactoryPointcutAdvisor#0,txAdvice]; root of factory hierarchy
2014-11-10 11:19:30 ContextLoader [INFO] Root WebApplicationContext: initialization started
2014-11-10 11:19:30 XmlWebApplicationContext [INFO] Refreshing Root WebApplicationContext: startup date [Mon Nov 10 11:19:30 EST 2014]; root of context hierarchy
2014-11-10 11:19:30 XmlBeanDefinitionReader [INFO] Loading XML bean definitions from ServletContext resource [/WEB-INF/applicationContext.xml]
2014-11-10 11:19:30 PropertyPlaceholderConfigurer [INFO] Loading properties file from class path resource [jdbc.properties]
2014-11-10 11:19:30 DefaultListableBeanFactory [INFO] Pre-instantiating singletons in org.springframework.beans.factory.support.DefaultListableBeanFactory@5a7c8e16: defining beans [productManager,productDao,dataSource,propertyConfigurer,transactionManager,org.springframework.aop.config.internalAutoProxyCreator,org.springframework.aop.support.DefaultBeanFactoryPointcutAdvisor#0,txAdvice]; root of factory hierarchy
2014-11-10 11:19:31 ContextLoader [INFO] Root WebApplicationContext: initialization completed in 985 ms
2014-11-10 11:19:31 DispatcherServlet [INFO] FrameworkServlet 'springapp': initialization started
2014-11-10 11:19:31 XmlWebApplicationContext [INFO] Refreshing WebApplicationContext for namespace 'springapp-servlet': startup date [Mon Nov 10 11:19:31 EST 2014]; parent: Root WebApplicationContext
2014-11-10 11:19:31 XmlBeanDefinitionReader [INFO] Loading XML bean definitions from ServletContext resource [/WEB-INF/springapp-servlet.xml]
2014-11-10 11:19:31 DefaultListableBeanFactory [INFO] Pre-instantiating singletons in org.springframework.beans.factory.support.DefaultListableBeanFactory@57c4c58d: defining beans [messageSource,/hello.htm,/priceincrease.htm,viewResolver]; parent: org.springframework.beans.factory.support.DefaultListableBeanFactory@5a7c8e16
2014-11-10 11:19:31 BeanNameUrlHandlerMapping [INFO] Mapped URL path [/hello.htm] onto handler '/hello.htm'
2014-11-10 11:19:31 BeanNameUrlHandlerMapping [INFO] Mapped URL path [/priceincrease.htm] onto handler '/priceincrease.htm'
2014-11-10 11:19:31 DispatcherServlet [INFO] FrameworkServlet 'springapp': initialization completed in 354 ms
2014-11-10 11:20:29 XmlWebApplicationContext [INFO] Closing WebApplicationContext for namespace 'springapp-servlet': startup date [Mon Nov 10 11:19:31 EST 2014]; parent: Root WebApplicationContext
2014-11-10 11:20:29 DefaultListableBeanFactory [INFO] Destroying singletons in org.springframework.beans.factory.support.DefaultListableBeanFactory@57c4c58d: defining beans [messageSource,/hello.htm,/priceincrease.htm,viewResolver]; parent: org.springframework.beans.factory.support.DefaultListableBeanFactory@5a7c8e16
2014-11-10 11:20:29 XmlWebApplicationContext [INFO] Closing Root WebApplicationContext: startup date [Mon Nov 10 11:19:30 EST 2014]; root of context hierarchy
2014-11-10 11:20:29 DefaultListableBeanFactory [INFO] Destroying singletons in org.springframework.beans.factory.support.DefaultListableBeanFactory@5a7c8e16: defining beans [productManager,productDao,dataSource,propertyConfigurer,transactionManager,org.springframework.aop.config.internalAutoProxyCreator,org.springframework.aop.support.DefaultBeanFactoryPointcutAdvisor#0,txAdvice]; root of factory hierarchy
2014-11-10 11:21:01 ContextLoader [INFO] Root WebApplicationContext: initialization started
2014-11-10 11:21:01 XmlWebApplicationContext [INFO] Refreshing Root WebApplicationContext: startup date [Mon Nov 10 11:21:01 EST 2014]; root of context hierarchy
2014-11-10 11:21:01 XmlBeanDefinitionReader [INFO] Loading XML bean definitions from ServletContext resource [/WEB-INF/applicationContext.xml]
2014-11-10 11:21:02 PropertyPlaceholderConfigurer [INFO] Loading properties file from class path resource [jdbc.properties]
2014-11-10 11:21:02 DefaultListableBeanFactory [INFO] Pre-instantiating singletons in org.springframework.beans.factory.support.DefaultListableBeanFactory@859a977: defining beans [productManager,productDao,dataSource,propertyConfigurer,transactionManager,org.springframework.aop.config.internalAutoProxyCreator,org.springframework.aop.support.DefaultBeanFactoryPointcutAdvisor#0,txAdvice]; root of factory hierarchy
2014-11-10 11:21:02 ContextLoader [INFO] Root WebApplicationContext: initialization completed in 1132 ms
2014-11-10 11:21:02 DispatcherServlet [INFO] FrameworkServlet 'springapp': initialization started
2014-11-10 11:21:02 XmlWebApplicationContext [INFO] Refreshing WebApplicationContext for namespace 'springapp-servlet': startup date [Mon Nov 10 11:21:02 EST 2014]; parent: Root WebApplicationContext
2014-11-10 11:21:02 XmlBeanDefinitionReader [INFO] Loading XML bean definitions from ServletContext resource [/WEB-INF/springapp-servlet.xml]
2014-11-10 11:21:02 DefaultListableBeanFactory [INFO] Pre-instantiating singletons in org.springframework.beans.factory.support.DefaultListableBeanFactory@6a472e85: defining beans [messageSource,/hello.htm,/priceincrease.htm,viewResolver]; parent: org.springframework.beans.factory.support.DefaultListableBeanFactory@859a977
2014-11-10 11:21:03 BeanNameUrlHandlerMapping [INFO] Mapped URL path [/hello.htm] onto handler '/hello.htm'
2014-11-10 11:21:03 BeanNameUrlHandlerMapping [INFO] Mapped URL path [/priceincrease.htm] onto handler '/priceincrease.htm'
2014-11-10 11:21:03 DispatcherServlet [INFO] FrameworkServlet 'springapp': initialization completed in 316 ms
2014-11-10 11:21:38 XmlWebApplicationContext [INFO] Closing WebApplicationContext for namespace 'springapp-servlet': startup date [Mon Nov 10 11:21:02 EST 2014]; parent: Root WebApplicationContext
2014-11-10 11:21:38 DefaultListableBeanFactory [INFO] Destroying singletons in org.springframework.beans.factory.support.DefaultListableBeanFactory@6a472e85: defining beans [messageSource,/hello.htm,/priceincrease.htm,viewResolver]; parent: org.springframework.beans.factory.support.DefaultListableBeanFactory@859a977
2014-11-10 11:21:38 XmlWebApplicationContext [INFO] Closing Root WebApplicationContext: startup date [Mon Nov 10 11:21:01 EST 2014]; root of context hierarchy
2014-11-10 11:21:38 DefaultListableBeanFactory [INFO] Destroying singletons in org.springframework.beans.factory.support.DefaultListableBeanFactory@859a977: defining beans [productManager,productDao,dataSource,propertyConfigurer,transactionManager,org.springframework.aop.config.internalAutoProxyCreator,org.springframework.aop.support.DefaultBeanFactoryPointcutAdvisor#0,txAdvice]; root of factory hierarchy
2014-11-10 11:22:52 ContextLoader [INFO] Root WebApplicationContext: initialization started
2014-11-10 11:22:52 XmlWebApplicationContext [INFO] Refreshing Root WebApplicationContext: startup date [Mon Nov 10 11:22:52 EST 2014]; root of context hierarchy
2014-11-10 11:22:52 XmlBeanDefinitionReader [INFO] Loading XML bean definitions from ServletContext resource [/WEB-INF/applicationContext.xml]
2014-11-10 11:22:52 PropertyPlaceholderConfigurer [INFO] Loading properties file from class path resource [jdbc.properties]
2014-11-10 11:22:52 DefaultListableBeanFactory [INFO] Pre-instantiating singletons in org.springframework.beans.factory.support.DefaultListableBeanFactory@44009cf2: defining beans [productManager,productDao,dataSource,propertyConfigurer,transactionManager,org.springframework.aop.config.internalAutoProxyCreator,org.springframework.aop.support.DefaultBeanFactoryPointcutAdvisor#0,txAdvice]; root of factory hierarchy
2014-11-10 11:22:53 ContextLoader [INFO] Root WebApplicationContext: initialization completed in 911 ms
2014-11-10 11:22:53 DispatcherServlet [INFO] FrameworkServlet 'springapp': initialization started
2014-11-10 11:22:53 XmlWebApplicationContext [INFO] Refreshing WebApplicationContext for namespace 'springapp-servlet': startup date [Mon Nov 10 11:22:53 EST 2014]; parent: Root WebApplicationContext
2014-11-10 11:22:53 XmlBeanDefinitionReader [INFO] Loading XML bean definitions from ServletContext resource [/WEB-INF/springapp-servlet.xml]
2014-11-10 11:22:53 DefaultListableBeanFactory [INFO] Pre-instantiating singletons in org.springframework.beans.factory.support.DefaultListableBeanFactory@53570304: defining beans [messageSource,/hello.htm,/priceincrease.htm,viewResolver]; parent: org.springframework.beans.factory.support.DefaultListableBeanFactory@44009cf2
2014-11-10 11:22:53 BeanNameUrlHandlerMapping [INFO] Mapped URL path [/hello.htm] onto handler '/hello.htm'
2014-11-10 11:22:53 BeanNameUrlHandlerMapping [INFO] Mapped URL path [/priceincrease.htm] onto handler '/priceincrease.htm'
2014-11-10 11:22:53 DispatcherServlet [INFO] FrameworkServlet 'springapp': initialization completed in 308 ms
2014-11-10 11:22:54 XmlWebApplicationContext [INFO] Closing WebApplicationContext for namespace 'springapp-servlet': startup date [Mon Nov 10 11:22:53 EST 2014]; parent: Root WebApplicationContext
2014-11-10 11:22:54 DefaultListableBeanFactory [INFO] Destroying singletons in org.springframework.beans.factory.support.DefaultListableBeanFactory@53570304: defining beans [messageSource,/hello.htm,/priceincrease.htm,viewResolver]; parent: org.springframework.beans.factory.support.DefaultListableBeanFactory@44009cf2
2014-11-10 11:22:54 XmlWebApplicationContext [INFO] Closing Root WebApplicationContext: startup date [Mon Nov 10 11:22:52 EST 2014]; root of context hierarchy
2014-11-10 11:22:54 DefaultListableBeanFactory [INFO] Destroying singletons in org.springframework.beans.factory.support.DefaultListableBeanFactory@44009cf2: defining beans [productManager,productDao,dataSource,propertyConfigurer,transactionManager,org.springframework.aop.config.internalAutoProxyCreator,org.springframework.aop.support.DefaultBeanFactoryPointcutAdvisor#0,txAdvice]; root of factory hierarchy
2014-11-10 11:23:09 ContextLoader [INFO] Root WebApplicationContext: initialization started
2014-11-10 11:23:09 XmlWebApplicationContext [INFO] Refreshing Root WebApplicationContext: startup date [Mon Nov 10 11:23:09 EST 2014]; root of context hierarchy
2014-11-10 11:23:09 XmlBeanDefinitionReader [INFO] Loading XML bean definitions from ServletContext resource [/WEB-INF/applicationContext.xml]
2014-11-10 11:23:09 PropertyPlaceholderConfigurer [INFO] Loading properties file from class path resource [jdbc.properties]
2014-11-10 11:23:09 DefaultListableBeanFactory [INFO] Pre-instantiating singletons in org.springframework.beans.factory.support.DefaultListableBeanFactory@2aaa8d21: defining beans [productManager,productDao,dataSource,propertyConfigurer,transactionManager,org.springframework.aop.config.internalAutoProxyCreator,org.springframework.aop.support.DefaultBeanFactoryPointcutAdvisor#0,txAdvice]; root of factory hierarchy
2014-11-10 11:23:10 ContextLoader [INFO] Root WebApplicationContext: initialization completed in 1049 ms
2014-11-10 11:23:10 DispatcherServlet [INFO] FrameworkServlet 'springapp': initialization started
2014-11-10 11:23:10 XmlWebApplicationContext [INFO] Refreshing WebApplicationContext for namespace 'springapp-servlet': startup date [Mon Nov 10 11:23:10 EST 2014]; parent: Root WebApplicationContext
2014-11-10 11:23:10 XmlBeanDefinitionReader [INFO] Loading XML bean definitions from ServletContext resource [/WEB-INF/springapp-servlet.xml]
2014-11-10 11:23:10 DefaultListableBeanFactory [INFO] Pre-instantiating singletons in org.springframework.beans.factory.support.DefaultListableBeanFactory@2229c34b: defining beans [messageSource,/hello.htm,/priceincrease.htm,viewResolver]; parent: org.springframework.beans.factory.support.DefaultListableBeanFactory@2aaa8d21
2014-11-10 11:23:10 BeanNameUrlHandlerMapping [INFO] Mapped URL path [/hello.htm] onto handler '/hello.htm'
2014-11-10 11:23:10 BeanNameUrlHandlerMapping [INFO] Mapped URL path [/priceincrease.htm] onto handler '/priceincrease.htm'
2014-11-10 11:23:10 DispatcherServlet [INFO] FrameworkServlet 'springapp': initialization completed in 339 ms
2014-11-10 11:24:20 XmlWebApplicationContext [INFO] Closing WebApplicationContext for namespace 'springapp-servlet': startup date [Mon Nov 10 11:23:10 EST 2014]; parent: Root WebApplicationContext
2014-11-10 11:24:20 DefaultListableBeanFactory [INFO] Destroying singletons in org.springframework.beans.factory.support.DefaultListableBeanFactory@2229c34b: defining beans [messageSource,/hello.htm,/priceincrease.htm,viewResolver]; parent: org.springframework.beans.factory.support.DefaultListableBeanFactory@2aaa8d21
2014-11-10 11:24:20 XmlWebApplicationContext [INFO] Closing Root WebApplicationContext: startup date [Mon Nov 10 11:23:09 EST 2014]; root of context hierarchy
2014-11-10 11:24:20 DefaultListableBeanFactory [INFO] Destroying singletons in org.springframework.beans.factory.support.DefaultListableBeanFactory@2aaa8d21: defining beans [productManager,productDao,dataSource,propertyConfigurer,transactionManager,org.springframework.aop.config.internalAutoProxyCreator,org.springframework.aop.support.DefaultBeanFactoryPointcutAdvisor#0,txAdvice]; root of factory hierarchy
2014-11-10 11:31:22 ContextLoader [INFO] Root WebApplicationContext: initialization started
2014-11-10 11:31:23 XmlWebApplicationContext [INFO] Refreshing Root WebApplicationContext: startup date [Mon Nov 10 11:31:23 EST 2014]; root of context hierarchy
2014-11-10 11:31:23 XmlBeanDefinitionReader [INFO] Loading XML bean definitions from ServletContext resource [/WEB-INF/applicationContext.xml]
2014-11-10 11:31:23 PropertyPlaceholderConfigurer [INFO] Loading properties file from class path resource [jdbc.properties]
2014-11-10 11:31:23 DefaultListableBeanFactory [INFO] Pre-instantiating singletons in org.springframework.beans.factory.support.DefaultListableBeanFactory@259d365c: defining beans [productManager,productDao,dataSource,propertyConfigurer,transactionManager,org.springframework.aop.config.internalAutoProxyCreator,org.springframework.aop.support.DefaultBeanFactoryPointcutAdvisor#0,txAdvice]; root of factory hierarchy
2014-11-10 11:31:23 ContextLoader [INFO] Root WebApplicationContext: initialization completed in 951 ms
2014-11-10 11:31:23 DispatcherServlet [INFO] FrameworkServlet 'springapp': initialization started
2014-11-10 11:31:23 XmlWebApplicationContext [INFO] Refreshing WebApplicationContext for namespace 'springapp-servlet': startup date [Mon Nov 10 11:31:23 EST 2014]; parent: Root WebApplicationContext
2014-11-10 11:31:23 XmlBeanDefinitionReader [INFO] Loading XML bean definitions from ServletContext resource [/WEB-INF/springapp-servlet.xml]
2014-11-10 11:31:24 DefaultListableBeanFactory [INFO] Pre-instantiating singletons in org.springframework.beans.factory.support.DefaultListableBeanFactory@4934e5f6: defining beans [messageSource,/hello.htm,/priceincrease.htm,viewResolver]; parent: org.springframework.beans.factory.support.DefaultListableBeanFactory@259d365c
2014-11-10 11:31:24 BeanNameUrlHandlerMapping [INFO] Mapped URL path [/hello.htm] onto handler '/hello.htm'
2014-11-10 11:31:24 BeanNameUrlHandlerMapping [INFO] Mapped URL path [/priceincrease.htm] onto handler '/priceincrease.htm'
2014-11-10 11:31:24 DispatcherServlet [INFO] FrameworkServlet 'springapp': initialization completed in 308 ms
2014-11-10 11:31:40 InventoryController [INFO] returning hello view with 10 November 2014 11:31:40
2014-11-10 11:31:40 JdbcProductDao [INFO] Getting products!
2014-11-10 11:31:55 PriceIncrease [INFO] Percentage set to 20
2014-11-10 11:31:57 PriceIncrease [INFO] Percentage set to 20
2014-11-10 11:31:57 PriceIncreaseValidator [INFO] Validating with springapp.service.PriceIncrease@1274f050: 20
2014-11-10 11:31:57 PriceIncreaseFormController [INFO] Increasing prices by 20%.
2014-11-10 11:31:57 JdbcProductDao [INFO] Getting products!
2014-11-10 11:31:57 JdbcProductDao [INFO] Saving product: Lamp
2014-11-10 11:31:58 JdbcProductDao [INFO] Rows affected: 1
2014-11-10 11:31:58 JdbcProductDao [INFO] Saving product: Table
2014-11-10 11:31:58 JdbcProductDao [INFO] Rows affected: 1
2014-11-10 11:31:58 JdbcProductDao [INFO] Saving product: Chair
2014-11-10 11:31:58 JdbcProductDao [INFO] Rows affected: 1
2014-11-10 11:31:58 PriceIncreaseFormController [INFO] returning from PriceIncreaseForm view to hello.htm
2014-11-10 11:31:58 InventoryController [INFO] returning hello view with 10 November 2014 11:31:58
2014-11-10 11:31:58 JdbcProductDao [INFO] Getting products!
2014-11-10 11:32:00 PriceIncrease [INFO] Percentage set to 20
2014-11-10 11:32:01 PriceIncrease [INFO] Percentage set to 20
2014-11-10 11:32:01 PriceIncreaseValidator [INFO] Validating with springapp.service.PriceIncrease@672c0286: 20
2014-11-10 11:32:01 PriceIncreaseFormController [INFO] Increasing prices by 20%.
2014-11-10 11:32:01 JdbcProductDao [INFO] Getting products!
2014-11-10 11:32:01 JdbcProductDao [INFO] Saving product: Lamp
2014-11-10 11:32:01 JdbcProductDao [INFO] Rows affected: 1
2014-11-10 11:32:01 JdbcProductDao [INFO] Saving product: Table
2014-11-10 11:32:01 JdbcProductDao [INFO] Rows affected: 1
2014-11-10 11:32:01 JdbcProductDao [INFO] Saving product: Chair
2014-11-10 11:32:01 JdbcProductDao [INFO] Rows affected: 1
2014-11-10 11:32:01 PriceIncreaseFormController [INFO] returning from PriceIncreaseForm view to hello.htm
2014-11-10 11:32:01 InventoryController [INFO] returning hello view with 10 November 2014 11:32:01
2014-11-10 11:32:01 JdbcProductDao [INFO] Getting products!
2014-11-10 11:32:03 PriceIncrease [INFO] Percentage set to 20
2014-11-10 11:32:05 InventoryController [INFO] returning hello view with 10 November 2014 11:32:05
2014-11-10 11:32:05 JdbcProductDao [INFO] Getting products!
2014-11-10 11:53:22 XmlWebApplicationContext [INFO] Closing WebApplicationContext for namespace 'springapp-servlet': startup date [Mon Nov 10 11:31:23 EST 2014]; parent: Root WebApplicationContext
2014-11-10 11:53:22 DefaultListableBeanFactory [INFO] Destroying singletons in org.springframework.beans.factory.support.DefaultListableBeanFactory@4934e5f6: defining beans [messageSource,/hello.htm,/priceincrease.htm,viewResolver]; parent: org.springframework.beans.factory.support.DefaultListableBeanFactory@259d365c
2014-11-10 11:53:22 XmlWebApplicationContext [INFO] Closing Root WebApplicationContext: startup date [Mon Nov 10 11:31:23 EST 2014]; root of context hierarchy
2014-11-10 11:53:22 DefaultListableBeanFactory [INFO] Destroying singletons in org.springframework.beans.factory.support.DefaultListableBeanFactory@259d365c: defining beans [productManager,productDao,dataSource,propertyConfigurer,transactionManager,org.springframework.aop.config.internalAutoProxyCreator,org.springframework.aop.support.DefaultBeanFactoryPointcutAdvisor#0,txAdvice]; root of factory hierarchy
2014-11-10 12:37:08 JdbcProductDaoTest [INFO] Loading context for locations: classpath:test-context.xml
2014-11-10 12:37:08 XmlBeanDefinitionReader [INFO] Loading XML bean definitions from class path resource [test-context.xml]
2014-11-10 12:37:09 GenericApplicationContext [INFO] Refreshing org.springframework.context.support.GenericApplicationContext@52f0684e: startup date [Mon Nov 10 12:37:09 EST 2014]; root of context hierarchy
2014-11-10 12:37:09 PropertyPlaceholderConfigurer [INFO] Loading properties file from class path resource [jdbc.properties]
2014-11-10 12:37:09 DefaultListableBeanFactory [INFO] Pre-instantiating singletons in org.springframework.beans.factory.support.DefaultListableBeanFactory@478f67d0: defining beans [productDao,dataSource,propertyConfigurer,transactionManager]; root of factory hierarchy
2014-11-10 12:37:09 DriverManagerDataSource [INFO] Loaded JDBC driver: org.postgresql.Driver
2014-11-10 12:37:09 JdbcProductDaoTest [INFO] Deleted 3 rows from table products
2014-11-10 12:37:09 JdbcProductDaoTest [INFO] Executing SQL script 'file:src/main/sql/load_data.sql'
2014-11-10 12:37:09 JdbcProductDaoTest [INFO] Done executing SQL scriptBuilder 'file:src/main/sql/load_data.sql' in 6 ms
2014-11-10 12:37:09 JdbcProductDao [INFO] Getting products!
2014-11-10 12:37:09 JdbcProductDaoTest [INFO] Deleted 3 rows from table products
2014-11-10 12:37:09 JdbcProductDaoTest [INFO] Executing SQL script 'file:src/main/sql/load_data.sql'
2014-11-10 12:37:09 JdbcProductDaoTest [INFO] Done executing SQL scriptBuilder 'file:src/main/sql/load_data.sql' in 3 ms
2014-11-10 12:37:09 JdbcProductDao [INFO] Getting products!
2014-11-10 12:37:09 JdbcProductDao [INFO] Saving product: Lamp
2014-11-10 12:37:09 JdbcProductDao [INFO] Rows affected: 1
2014-11-10 12:37:09 JdbcProductDao [INFO] Saving product: Table
2014-11-10 12:37:09 JdbcProductDao [INFO] Rows affected: 1
2014-11-10 12:37:09 JdbcProductDao [INFO] Saving product: Chair
2014-11-10 12:37:09 JdbcProductDao [INFO] Rows affected: 1
2014-11-10 12:37:09 JdbcProductDao [INFO] Getting products!
2014-11-10 12:37:09 InventoryController [INFO] returning hello view with 10 November 2014 12:37:09
2014-11-10 12:37:09 GenericApplicationContext [INFO] Closing org.springframework.context.support.GenericApplicationContext@52f0684e: startup date [Mon Nov 10 12:37:09 EST 2014]; root of context hierarchy
2014-11-10 12:37:09 DefaultListableBeanFactory [INFO] Destroying singletons in org.springframework.beans.factory.support.DefaultListableBeanFactory@478f67d0: defining beans [productDao,dataSource,propertyConfigurer,transactionManager]; root of factory hierarchy
2014-11-10 12:37:30 ContextLoader [INFO] Root WebApplicationContext: initialization started
2014-11-10 12:37:30 XmlWebApplicationContext [INFO] Refreshing Root WebApplicationContext: startup date [Mon Nov 10 12:37:30 EST 2014]; root of context hierarchy
2014-11-10 12:37:30 XmlBeanDefinitionReader [INFO] Loading XML bean definitions from ServletContext resource [/WEB-INF/applicationContext.xml]
2014-11-10 12:37:30 PropertyPlaceholderConfigurer [INFO] Loading properties file from class path resource [jdbc.properties]
2014-11-10 12:37:31 DefaultListableBeanFactory [INFO] Pre-instantiating singletons in org.springframework.beans.factory.support.DefaultListableBeanFactory@317607ed: defining beans [productManager,productDao,dataSource,propertyConfigurer,transactionManager,org.springframework.aop.config.internalAutoProxyCreator,org.springframework.aop.support.DefaultBeanFactoryPointcutAdvisor#0,txAdvice]; root of factory hierarchy
2014-11-10 12:37:31 ContextLoader [INFO] Root WebApplicationContext: initialization completed in 970 ms
2014-11-10 12:37:31 DispatcherServlet [INFO] FrameworkServlet 'springapp': initialization started
2014-11-10 12:37:31 XmlWebApplicationContext [INFO] Refreshing WebApplicationContext for namespace 'springapp-servlet': startup date [Mon Nov 10 12:37:31 EST 2014]; parent: Root WebApplicationContext
2014-11-10 12:37:31 XmlBeanDefinitionReader [INFO] Loading XML bean definitions from ServletContext resource [/WEB-INF/springapp-servlet.xml]
2014-11-10 12:37:31 DefaultListableBeanFactory [INFO] Pre-instantiating singletons in org.springframework.beans.factory.support.DefaultListableBeanFactory@80baa82: defining beans [messageSource,/hello.htm,/priceincrease.htm,viewResolver]; parent: org.springframework.beans.factory.support.DefaultListableBeanFactory@317607ed
2014-11-10 12:37:31 BeanNameUrlHandlerMapping [INFO] Mapped URL path [/hello.htm] onto handler '/hello.htm'
2014-11-10 12:37:31 BeanNameUrlHandlerMapping [INFO] Mapped URL path [/priceincrease.htm] onto handler '/priceincrease.htm'
2014-11-10 12:37:31 DispatcherServlet [INFO] FrameworkServlet 'springapp': initialization completed in 378 ms
2014-11-10 12:37:52 InventoryController [INFO] returning hello view with 10 November 2014 12:37:52
2014-11-10 12:37:52 JdbcProductDao [INFO] Getting products!
2014-11-10 12:38:01 PriceIncrease [INFO] Percentage set to 20
2014-11-10 12:38:03 PriceIncrease [INFO] Percentage set to 20
2014-11-10 12:38:03 PriceIncreaseValidator [INFO] Validating with springapp.service.PriceIncrease@46e57c8a: 20
2014-11-10 12:38:03 PriceIncreaseFormController [INFO] Increasing prices by 20%.
2014-11-10 12:38:03 JdbcProductDao [INFO] Getting products!
2014-11-10 12:38:03 JdbcProductDao [INFO] Saving product: Lamp
2014-11-10 12:38:03 JdbcProductDao [INFO] Rows affected: 1
2014-11-10 12:38:03 JdbcProductDao [INFO] Saving product: Table
2014-11-10 12:38:03 JdbcProductDao [INFO] Rows affected: 1
2014-11-10 12:38:03 JdbcProductDao [INFO] Saving product: Chair
2014-11-10 12:38:03 JdbcProductDao [INFO] Rows affected: 1
2014-11-10 12:38:03 PriceIncreaseFormController [INFO] returning from PriceIncreaseForm view to hello.htm
2014-11-10 12:38:03 InventoryController [INFO] returning hello view with 10 November 2014 12:38:03
2014-11-10 12:38:03 JdbcProductDao [INFO] Getting products!
2014-11-10 12:38:05 PriceIncrease [INFO] Percentage set to 20
2014-11-10 12:38:06 PriceIncrease [INFO] Percentage set to 20
2014-11-10 12:38:06 PriceIncreaseValidator [INFO] Validating with springapp.service.PriceIncrease@50c96bbe: 20
2014-11-10 12:38:06 PriceIncreaseFormController [INFO] Increasing prices by 20%.
2014-11-10 12:38:06 JdbcProductDao [INFO] Getting products!
2014-11-10 12:38:06 JdbcProductDao [INFO] Saving product: Lamp
2014-11-10 12:38:06 JdbcProductDao [INFO] Rows affected: 1
2014-11-10 12:38:06 JdbcProductDao [INFO] Saving product: Table
2014-11-10 12:38:06 JdbcProductDao [INFO] Rows affected: 1
2014-11-10 12:38:06 JdbcProductDao [INFO] Saving product: Chair
2014-11-10 12:38:06 JdbcProductDao [INFO] Rows affected: 1
2014-11-10 12:38:06 PriceIncreaseFormController [INFO] returning from PriceIncreaseForm view to hello.htm
2014-11-10 12:38:06 InventoryController [INFO] returning hello view with 10 November 2014 12:38:06
2014-11-10 12:38:06 JdbcProductDao [INFO] Getting products!
2014-11-10 12:38:07 PriceIncrease [INFO] Percentage set to 20
2014-11-10 12:38:08 PriceIncrease [INFO] Percentage set to 20
2014-11-10 12:38:08 PriceIncreaseValidator [INFO] Validating with springapp.service.PriceIncrease@107c1e7e: 20
2014-11-10 12:38:08 PriceIncreaseFormController [INFO] Increasing prices by 20%.
2014-11-10 12:38:08 JdbcProductDao [INFO] Getting products!
2014-11-10 12:38:08 JdbcProductDao [INFO] Saving product: Lamp
2014-11-10 12:38:08 JdbcProductDao [INFO] Rows affected: 1
2014-11-10 12:38:08 JdbcProductDao [INFO] Saving product: Table
2014-11-10 12:38:08 JdbcProductDao [INFO] Rows affected: 1
2014-11-10 12:38:08 JdbcProductDao [INFO] Saving product: Chair
2014-11-10 12:38:08 JdbcProductDao [INFO] Rows affected: 1
2014-11-10 12:38:08 PriceIncreaseFormController [INFO] returning from PriceIncreaseForm view to hello.htm
2014-11-10 12:38:08 InventoryController [INFO] returning hello view with 10 November 2014 12:38:08
2014-11-10 12:38:08 JdbcProductDao [INFO] Getting products!
